<?xml version="1.0" encoding="UTF-8"?>
<!-- Generated by org.testng.reporters.JUnitReportReporter -->
<testsuite skipped="0" hostname="DESKTOP-E0SQ1R3" name="test.Test2" tests="3" failures="0" timestamp="2022-09-27T17:28:43 IST" time="4.727" errors="0">
  <testcase name="post_method2" time="0.977" classname="test.Test2"/>
  <system-out/>
  <testcase name="post_Method1" time="0.003" classname="test.Test2"/>
  <system-out/>
  <testcase name="get_method" time="3.747" classname="test.Test2"/>
  <system-out/>
</testsuite> <!-- test.Test2 -->
