<?xml version="1.0" encoding="UTF-8"?>
<!-- Generated by org.testng.reporters.JUnitReportReporter -->
<testsuite skipped="0" hostname="DESKTOP-E0SQ1R3" name="test.GetMethod" tests="1" failures="0" timestamp="2022-09-27T15:47:29 IST" time="9.656" errors="0">
  <testcase name="get_method" time="9.656" classname="test.GetMethod"/>
  <system-out/>
</testsuite> <!-- test.GetMethod -->
